[  8%] Built target command_interfaces__rosidl_generator_c
[ 11%] Built target command_interfaces__cpp
[ 11%] Built target ament_cmake_python_copy_command_interfaces
[ 17%] Built target server
[35m[1mConsolidate compiler generated dependencies of target client[0m
[ 34%] Built target command_interfaces__rosidl_typesupport_fastrtps_c
[ 34%] Built target command_interfaces__rosidl_typesupport_cpp
[ 42%] Built target command_interfaces__rosidl_typesupport_fastrtps_cpp
[ 45%] [32mBuilding CXX object CMakeFiles/client.dir/src/send_command_client.cpp.o[0m
[ 54%] Built target command_interfaces__rosidl_typesupport_c
[ 62%] Built target command_interfaces__rosidl_typesupport_introspection_c
[ 71%] Built target command_interfaces__rosidl_typesupport_introspection_cpp
[ 71%] Built target command_interfaces
[ 74%] Built target command_interfaces__py
[ 80%] Built target command_interfaces__rosidl_generator_py
[ 85%] Built target command_interfaces__rosidl_typesupport_fastrtps_c__pyext
[ 91%] Built target command_interfaces__rosidl_typesupport_introspection_c__pyext
[ 97%] Built target command_interfaces__rosidl_typesupport_c__pyext
running egg_info
writing command_interfaces.egg-info/PKG-INFO
writing dependency_links to command_interfaces.egg-info/dependency_links.txt
writing top-level names to command_interfaces.egg-info/top_level.txt
reading manifest file 'command_interfaces.egg-info/SOURCES.txt'
writing manifest file 'command_interfaces.egg-info/SOURCES.txt'
[ 97%] Built target ament_cmake_python_build_command_interfaces_egg
[01m[K/root/PILI_stealth_killer/pili_stealth_ws/src/command_interfaces/src/send_command_client.cpp:[m[K In function â€˜[01m[Kint main(int, char**)[m[Kâ€™:
[01m[K/root/PILI_stealth_killer/pili_stealth_ws/src/command_interfaces/src/send_command_client.cpp:28:37:[m[K [01;31m[Kerror: [m[Kno matching function for call to â€˜[01m[Krclcpp::Client<command_interfaces::srv::Command>::wait_for_service(int)[m[Kâ€™
   28 |     while (![01;31m[Kclient->wait_for_service(1)[m[K) {
      |             [01;31m[K~~~~~~~~~~~~~~~~~~~~~~~~^~~[m[K
In file included from [01m[K/opt/ros/humble/include/rclcpp/rclcpp/callback_group.hpp:24[m[K,
                 from [01m[K/opt/ros/humble/include/rclcpp/rclcpp/any_executable.hpp:20[m[K,
                 from [01m[K/opt/ros/humble/include/rclcpp/rclcpp/memory_strategy.hpp:25[m[K,
                 from [01m[K/opt/ros/humble/include/rclcpp/rclcpp/memory_strategies.hpp:18[m[K,
                 from [01m[K/opt/ros/humble/include/rclcpp/rclcpp/executor_options.hpp:20[m[K,
                 from [01m[K/opt/ros/humble/include/rclcpp/rclcpp/executor.hpp:37[m[K,
                 from [01m[K/opt/ros/humble/include/rclcpp/rclcpp/executors/multi_threaded_executor.hpp:25[m[K,
                 from [01m[K/opt/ros/humble/include/rclcpp/rclcpp/executors.hpp:21[m[K,
                 from [01m[K/opt/ros/humble/include/rclcpp/rclcpp/rclcpp.hpp:155[m[K,
                 from [01m[K/root/PILI_stealth_killer/pili_stealth_ws/src/command_interfaces/src/send_command_client.cpp:6[m[K:
[01m[K/opt/ros/humble/include/rclcpp/rclcpp/client.hpp:195:3:[m[K [01;36m[Knote: [m[Kcandidate: â€˜[01m[Ktemplate<class RepT, class RatioT> bool rclcpp::ClientBase::wait_for_service(std::chrono::duration<_Rep1, _Period1>)[m[Kâ€™
  195 |   [01;36m[Kwait_for_service[m[K(
      |   [01;36m[K^~~~~~~~~~~~~~~~[m[K
[01m[K/opt/ros/humble/include/rclcpp/rclcpp/client.hpp:195:3:[m[K [01;36m[Knote: [m[K  template argument deduction/substitution failed:
[01m[K/root/PILI_stealth_killer/pili_stealth_ws/src/command_interfaces/src/send_command_client.cpp:28:37:[m[K [01;36m[Knote: [m[K  mismatched types â€˜[01m[Kstd::chrono::duration<_Rep1, _Period1>[m[Kâ€™ and â€˜[01m[Kint[m[Kâ€™
   28 |     while (![01;36m[Kclient->wait_for_service(1)[m[K) {
      |             [01;36m[K~~~~~~~~~~~~~~~~~~~~~~~~^~~[m[K
gmake[2]: *** [CMakeFiles/client.dir/build.make:76: CMakeFiles/client.dir/src/send_command_client.cpp.o] Error 1
gmake[1]: *** [CMakeFiles/Makefile2:620: CMakeFiles/client.dir/all] Error 2
gmake: *** [Makefile:146: all] Error 2
